<?xml version="1.0" encoding="UTF-8"?>
<testsuite name="problem1.RowTest" tests="17" skipped="0" failures="0" errors="0" timestamp="2022-08-10T20:27:55" hostname="Nathans-Air-3" time="0.037">
  <properties/>
  <testcase name="testEqualsDiffRows()" classname="problem1.RowTest" time="0.0"/>
  <testcase name="testToString()" classname="problem1.RowTest" time="0.004"/>
  <testcase name="testHashCodeDiffEverything()" classname="problem1.RowTest" time="0.002"/>
  <testcase name="testEqualsDiffObjects()" classname="problem1.RowTest" time="0.001"/>
  <testcase name="getRowNumberBack()" classname="problem1.RowTest" time="0.001"/>
  <testcase name="testEqualsNull()" classname="problem1.RowTest" time="0.0"/>
  <testcase name="testEqualsSame()" classname="problem1.RowTest" time="0.001"/>
  <testcase name="testEqualsDiffWAccessibleSeats()" classname="problem1.RowTest" time="0.001"/>
  <testcase name="testHashCodeDiffClasses()" classname="problem1.RowTest" time="0.002"/>
  <testcase name="getWheelchairAccessibleBack()" classname="problem1.RowTest" time="0.001"/>
  <testcase name="getRowNumberFront()" classname="problem1.RowTest" time="0.001"/>
  <testcase name="getWheelchairAccessibleFront()" classname="problem1.RowTest" time="0.001"/>
  <testcase name="testEqualsSameFields()" classname="problem1.RowTest" time="0.0"/>
  <testcase name="testEqualsDiffNameSameRows()" classname="problem1.RowTest" time="0.001"/>
  <testcase name="testHashCode()" classname="problem1.RowTest" time="0.0"/>
  <testcase name="testEqualsDiffSeats()" classname="problem1.RowTest" time="0.002"/>
  <testcase name="testEqualsDiffWAccessible()" classname="problem1.RowTest" time="0.001"/>
  <system-out><![CDATA[]]></system-out>
  <system-err><![CDATA[]]></system-err>
</testsuite>
